2025-04-08 22:50:26.035969 - Received CBT.V508.FILE077.PDS from FILE077.XMI 
2025-04-08 22:50:26.040429 - Found $.txt (text/plain) in CBT.V508.FILE077.PDS, moved to PDS/$
2025-04-08 22:50:26.041063 - Found $$.jcl (text/plain) in CBT.V508.FILE077.PDS, moved to PDS/$$
2025-04-08 22:50:26.041696 - Found $$$#DATE.txt (text/plain) in CBT.V508.FILE077.PDS, moved to PDS/$$$#DATE
2025-04-08 22:50:26.042265 - Found $$$DOC.txt (text/plain) in CBT.V508.FILE077.PDS, moved to PDS/$$$DOC
2025-04-08 22:50:26.042831 - Found @FILE077.txt (text/plain) in CBT.V508.FILE077.PDS, moved to PDS/@FILE077
2025-04-08 22:50:26.043381 - Found APFLIST.jcl (text/plain) in CBT.V508.FILE077.PDS, moved to PDS/APFLIST
2025-04-08 22:50:26.043974 - Found AUTO.jcl (text/plain) in CBT.V508.FILE077.PDS, moved to PDS/AUTO
2025-04-08 22:50:26.044538 - Found AUTOJCL.txt (text/plain) in CBT.V508.FILE077.PDS, moved to PDS/AUTOJCL
2025-04-08 22:50:26.045134 - Found BACKEND.txt (text/plain) in CBT.V508.FILE077.PDS, moved to PDS/BACKEND
2025-04-08 22:50:26.045738 - Found BRODSCAN.txt (text/plain) in CBT.V508.FILE077.PDS, moved to PDS/BRODSCAN
2025-04-08 22:50:26.046256 - Found BRODSCN@.jcl (text/plain) in CBT.V508.FILE077.PDS, moved to PDS/BRODSCN@
2025-04-08 22:50:26.046877 - Found CANCELO$.jcl (text/plain) in CBT.V508.FILE077.PDS, moved to PDS/CANCELO$
2025-04-08 22:50:26.047389 - Found CANCELOK.txt (text/plain) in CBT.V508.FILE077.PDS, moved to PDS/CANCELOK
2025-04-08 22:50:26.047979 - Found CANCELPR.txt (text/plain) in CBT.V508.FILE077.PDS, moved to PDS/CANCELPR
2025-04-08 22:50:26.048650 - Found CATALOG.txt (text/plain) in CBT.V508.FILE077.PDS, moved to PDS/CATALOG
2025-04-08 22:50:26.049300 - Found CATALOG$.jcl (text/plain) in CBT.V508.FILE077.PDS, moved to PDS/CATALOG$
2025-04-08 22:50:26.049907 - Found CATALOGH.txt (text/plain) in CBT.V508.FILE077.PDS, moved to PDS/CATALOGH
2025-04-08 22:50:26.050534 - Found COMMAND.jcl (text/plain) in CBT.V508.FILE077.PDS, moved to PDS/COMMAND
2025-04-08 22:50:26.051164 - Found DATE.txt (text/plain) in CBT.V508.FILE077.PDS, moved to PDS/DATE
2025-04-08 22:50:26.051772 - Found DATE$.jcl (text/plain) in CBT.V508.FILE077.PDS, moved to PDS/DATE$
2025-04-08 22:50:26.052409 - Found DCPU$.jcl (text/plain) in CBT.V508.FILE077.PDS, moved to PDS/DCPU$
2025-04-08 22:50:26.053158 - Found DEBE.txt (text/plain) in CBT.V508.FILE077.PDS, moved to PDS/DEBE
2025-04-08 22:50:26.053743 - Found DEBE$.jcl (text/plain) in CBT.V508.FILE077.PDS, moved to PDS/DEBE$
2025-04-08 22:50:26.054316 - Found DEBEPROC.txt (text/plain) in CBT.V508.FILE077.PDS, moved to PDS/DEBEPROC
2025-04-08 22:50:26.054858 - Found DISKSEE$.jcl (text/plain) in CBT.V508.FILE077.PDS, moved to PDS/DISKSEE$
2025-04-08 22:50:26.055561 - Found DISKSEEK.txt (text/plain) in CBT.V508.FILE077.PDS, moved to PDS/DISKSEEK
2025-04-08 22:50:26.056186 - Found DISKTEST.txt (text/plain) in CBT.V508.FILE077.PDS, moved to PDS/DISKTEST
2025-04-08 22:50:26.056773 - Found DISKTST$.jcl (text/plain) in CBT.V508.FILE077.PDS, moved to PDS/DISKTST$
2025-04-08 22:50:26.057344 - Found DISKTST#.jcl (text/plain) in CBT.V508.FILE077.PDS, moved to PDS/DISKTST#
2025-04-08 22:50:26.057916 - Found DISPLA$.jcl (text/plain) in CBT.V508.FILE077.PDS, moved to PDS/DISPLA$
2025-04-08 22:50:26.058554 - Found DISPLAY.txt (text/plain) in CBT.V508.FILE077.PDS, moved to PDS/DISPLAY
2025-04-08 22:50:26.059158 - Found DISPLAYH.txt (text/plain) in CBT.V508.FILE077.PDS, moved to PDS/DISPLAYH
2025-04-08 22:50:26.059704 - Found DYNABLD$.jcl (text/plain) in CBT.V508.FILE077.PDS, moved to PDS/DYNABLD$
2025-04-08 22:50:26.061366 - Found DYNABLDL.bin (application/octet-stream) in CBT.V508.FILE077.PDS, moved to PDS/DYNABLDL
2025-04-08 22:50:26.062030 - Found DYNAMAS$.txt (text/plain) in CBT.V508.FILE077.PDS, moved to PDS/DYNAMAS$
2025-04-08 22:50:26.062819 - Found DYNAMASK.txt (text/plain) in CBT.V508.FILE077.PDS, moved to PDS/DYNAMASK
2025-04-08 22:50:26.063419 - Found ILRBIRD.txt (text/plain) in CBT.V508.FILE077.PDS, moved to PDS/ILRBIRD
2025-04-08 22:50:26.064009 - Found ILRBIRD$.jcl (text/plain) in CBT.V508.FILE077.PDS, moved to PDS/ILRBIRD$
2025-04-08 22:50:26.064519 - Found INSTREA$.jcl (text/plain) in CBT.V508.FILE077.PDS, moved to PDS/INSTREA$
2025-04-08 22:50:26.065184 - Found INSTREAM.txt (text/plain) in CBT.V508.FILE077.PDS, moved to PDS/INSTREAM
2025-04-08 22:50:26.065894 - Found KERMITT.txt (text/plain) in CBT.V508.FILE077.PDS, moved to PDS/KERMITT
2025-04-08 22:50:26.066549 - Found KERMITT$.jcl (text/plain) in CBT.V508.FILE077.PDS, moved to PDS/KERMITT$
2025-04-08 22:50:26.067183 - Found KILL.txt (text/plain) in CBT.V508.FILE077.PDS, moved to PDS/KILL
2025-04-08 22:50:26.067803 - Found KILL$.jcl (text/plain) in CBT.V508.FILE077.PDS, moved to PDS/KILL$
2025-04-08 22:50:26.068349 - Found LOCATE.txt (text/plain) in CBT.V508.FILE077.PDS, moved to PDS/LOCATE
2025-04-08 22:50:26.068913 - Found LOCATE$.jcl (text/plain) in CBT.V508.FILE077.PDS, moved to PDS/LOCATE$
2025-04-08 22:50:26.069556 - Found MEMBER.txt (text/plain) in CBT.V508.FILE077.PDS, moved to PDS/MEMBER
2025-04-08 22:50:26.070166 - Found MINIGEN.jcl (text/plain) in CBT.V508.FILE077.PDS, moved to PDS/MINIGEN
2025-04-08 22:50:26.070937 - Found OSDEBE2.txt (text/plain) in CBT.V508.FILE077.PDS, moved to PDS/OSDEBE2
2025-04-08 22:50:26.071549 - Found SHOWSS.txt (text/plain) in CBT.V508.FILE077.PDS, moved to PDS/SHOWSS
2025-04-08 22:50:26.072163 - Found SHOWSS$.jcl (text/plain) in CBT.V508.FILE077.PDS, moved to PDS/SHOWSS$
2025-04-08 22:50:26.072837 - Found SWAP.txt (text/plain) in CBT.V508.FILE077.PDS, moved to PDS/SWAP
2025-04-08 22:50:26.073474 - Found SWAP$.jcl (text/plain) in CBT.V508.FILE077.PDS, moved to PDS/SWAP$
2025-04-08 22:50:26.074079 - Found SYSTEM.txt (text/plain) in CBT.V508.FILE077.PDS, moved to PDS/SYSTEM
2025-04-08 22:50:26.074630 - Found SYSTEM$.jcl (text/plain) in CBT.V508.FILE077.PDS, moved to PDS/SYSTEM$
2025-04-08 22:50:26.075209 - Found VOLCH$.jcl (text/plain) in CBT.V508.FILE077.PDS, moved to PDS/VOLCH$
2025-04-08 22:50:26.075773 - Found VOLCHEC#.jcl (text/plain) in CBT.V508.FILE077.PDS, moved to PDS/VOLCHEC#
2025-04-08 22:50:26.076480 - Found VOLCHECK.txt (text/plain) in CBT.V508.FILE077.PDS, moved to PDS/VOLCHECK
2025-04-08 22:50:26.077078 - Found VTAMCHK.txt (text/plain) in CBT.V508.FILE077.PDS, moved to PDS/VTAMCHK
2025-04-08 22:50:26.077678 - Found VTAMCHK$.jcl (text/plain) in CBT.V508.FILE077.PDS, moved to PDS/VTAMCHK$
2025-04-08 22:50:26.078304 - Found VTAMOPE$.jcl (text/plain) in CBT.V508.FILE077.PDS, moved to PDS/VTAMOPE$
2025-04-08 22:50:26.078950 - Found VTAMOPER.txt (text/plain) in CBT.V508.FILE077.PDS, moved to PDS/VTAMOPER
2025-04-08 22:50:26.079598 - Found VTAMOPR#.txt (text/plain) in CBT.V508.FILE077.PDS, moved to PDS/VTAMOPR#
2025-04-08 22:50:26.080212 - Found WTC.txt (text/plain) in CBT.V508.FILE077.PDS, moved to PDS/WTC
2025-04-08 22:50:26.080769 - Found WTC$.jcl (text/plain) in CBT.V508.FILE077.PDS, moved to PDS/WTC$
2025-04-08 22:50:26.081368 - Found WTC#.txt (text/plain) in CBT.V508.FILE077.PDS, moved to PDS/WTC#
